<?xml version="1.0" encoding="UTF-8"?>
<testng-results skipped="0" failed="0" ignored="0" total="1" passed="1">
  <reporter-output>
  </reporter-output>
  <suite name="Command line suite" duration-ms="70230" started-at="2021-01-28T15:43:22 CET" finished-at="2021-01-28T15:44:32 CET">
    <groups>
    </groups>
    <test name="Command line test" duration-ms="70230" started-at="2021-01-28T15:43:22 CET" finished-at="2021-01-28T15:44:32 CET">
      <class name="HomePageTest">
        <test-method status="PASS" signature="szukajHotelu()[pri:0, instance:HomePageTest@1bbf683]" name="szukajHotelu" duration-ms="70112" started-at="2021-01-28T15:43:22 CET" finished-at="2021-01-28T15:44:32 CET">
          <reporter-output>
          </reporter-output>
        </test-method> <!-- szukajHotelu -->
      </class> <!-- HomePageTest -->
    </test> <!-- Command line test -->
  </suite> <!-- Command line suite -->
</testng-results>
